  mainController.cpp
  VoxEdit.cpp
C:\Users\wtnbks\Desktop\development\PROJECT\230318-VoxEdit\VoxEdit\VoxEdit.cpp(117,11): warning C4477: 'printf' : 書式文字列 '%d' には、型 'int' の引数が必要ですが、可変個引数 1 は型 'time_t' です
C:\Users\wtnbks\Desktop\development\PROJECT\230318-VoxEdit\VoxEdit\VoxEdit.cpp(117,11): message : 書式文字列に '%lld' を使用することをお勧めします
C:\Users\wtnbks\Desktop\development\PROJECT\230318-VoxEdit\VoxEdit\VoxEdit.cpp(117,11): message : 書式文字列に '%Id' を使用することをお勧めします
C:\Users\wtnbks\Desktop\development\PROJECT\230318-VoxEdit\VoxEdit\VoxEdit.cpp(117,11): message : 書式文字列に '%I64d' を使用することをお勧めします
  WindowGUI_Manager_Class.cpp
C:\Users\wtnbks\Desktop\development\PROJECT\230318-VoxEdit\VoxEdit\WindowGUI_Manager_Class.cpp(67,3): warning C4065: switch 文に 'default' はありますが 'case' ラベルがありません。
C:\Users\wtnbks\Desktop\development\PROJECT\230318-VoxEdit\VoxEdit\WindowGUI_Manager_Class.cpp(17,7): warning C4101: 'winRect': ローカル変数は 1 度も使われていません。
C:\Users\wtnbks\Desktop\development\PROJECT\230318-VoxEdit\VoxEdit\WindowGUI_Manager_Class.cpp(611,1): warning C4312: '型キャスト': 'int' からより大きいサイズの 'HMENU' へ変換します。
C:\Users\wtnbks\Desktop\development\PROJECT\230318-VoxEdit\VoxEdit\WindowGUI_Manager_Class.cpp(660,1): warning C4312: '型キャスト': 'int' からより大きいサイズの 'HMENU' へ変換します。
C:\Users\wtnbks\Desktop\development\PROJECT\230318-VoxEdit\VoxEdit\WindowGUI_Manager_Class.cpp(706,1): warning C4312: '型キャスト': 'int' からより大きいサイズの 'HMENU' へ変換します。
C:\Users\wtnbks\Desktop\development\PROJECT\230318-VoxEdit\VoxEdit\WindowGUI_Manager_Class.cpp(777,12): warning C4312: '型キャスト': 'int' からより大きいサイズの 'HMENU' へ変換します。
C:\Users\wtnbks\Desktop\development\PROJECT\230318-VoxEdit\VoxEdit\WindowGUI_Manager_Class.cpp(798,12): warning C4312: '型キャスト': 'int' からより大きいサイズの 'HMENU' へ変換します。
C:\Users\wtnbks\Desktop\development\PROJECT\230318-VoxEdit\VoxEdit\WindowGUI_Manager_Class.cpp(811,10): warning C4244: '初期化中': 'LRESULT' から 'int' への変換です。データが失われる可能性があります。
C:\Users\wtnbks\Desktop\development\PROJECT\230318-VoxEdit\VoxEdit\WindowGUI_Manager_Class.cpp(840,1): warning C4312: '型キャスト': 'int' からより大きいサイズの 'HMENU' へ変換します。
C:\Users\wtnbks\Desktop\development\PROJECT\230318-VoxEdit\VoxEdit\WindowGUI_Manager_Class.cpp(874,12): warning C4244: '初期化中': 'LRESULT' から 'int' への変換です。データが失われる可能性があります。
C:\Users\wtnbks\Desktop\development\PROJECT\230318-VoxEdit\VoxEdit\WindowGUI_Manager_Class.cpp(881,15): warning C4244: '初期化中': 'LRESULT' から 'int' への変換です。データが失われる可能性があります。
C:\Users\wtnbks\Desktop\development\PROJECT\230318-VoxEdit\VoxEdit\WindowGUI_Manager_Class.cpp(931,12): warning C4244: '初期化中': 'LRESULT' から 'int' への変換です。データが失われる可能性があります。
C:\Users\wtnbks\Desktop\development\PROJECT\230318-VoxEdit\VoxEdit\WindowGUI_Manager_Class.cpp(937,15): warning C4244: '初期化中': 'LRESULT' から 'int' への変換です。データが失われる可能性があります。
C:\Users\wtnbks\Desktop\development\PROJECT\230318-VoxEdit\VoxEdit\WindowGUI_Manager_Class.cpp(959,12): warning C4312: '型キャスト': 'int' からより大きいサイズの 'HMENU' へ変換します。
  コードを生成中...
  VoxEdit.vcxproj -> C:\Users\wtnbks\Desktop\development\PROJECT\230318-VoxEdit\VoxEdit\x64\Debug\VoxEdit.exe
